 ------------------------------------------------
 dt =    1.0000000000000000E-008 tmax =   0.29999999999999999       nt =              30000000
 S =   0.98999999999999999     
 a=    8.7154610525846320E-010  b=    9.8075380110759942E-025
 Fk =    3613395147.3455153      [s/m^2]
 Fd =    245231770.94797206      [s/m^2]
 m =    4.1762238294000008E-018 [g]
 ------------------------------------------------
 Opening file : dg_S_0.990_Tc_60.00.dat
 Data has been written.
 Fortran execution time (seconds):    17.6279335    
 ------------------------------------------------
 dt =    1.0000000000000000E-008 tmax =   0.29999999999999999       nt =              30000000
 S =    1.0000000000000000     
 a=    8.7154610525846320E-010  b=    9.8075380110759942E-025
 Fk =    3613395147.3455153      [s/m^2]
 Fd =    245231770.94797206      [s/m^2]
 m =    4.1762238294000008E-018 [g]
 ------------------------------------------------
 Opening file : dg_S_1.000_Tc_60.00.dat
 Data has been written.
 Fortran execution time (seconds):    17.7539253    
 ------------------------------------------------
 dt =    1.0000000000000000E-008 tmax =   0.29999999999999999       nt =              30000000
 S =    1.0049999999999999     
 a=    8.7154610525846320E-010  b=    9.8075380110759942E-025
 Fk =    3613395147.3455153      [s/m^2]
 Fd =    245231770.94797206      [s/m^2]
 m =    4.1762238294000008E-018 [g]
 ------------------------------------------------
 Opening file : dg_S_1.005_Tc_60.00.dat
 Data has been written.
 Fortran execution time (seconds):    17.7118835    
 ------------------------------------------------
 dt =    1.0000000000000000E-008 tmax =   0.29999999999999999       nt =              30000000
 S =    1.0100000000000000     
 a=    8.7154610525846320E-010  b=    9.8075380110759942E-025
 Fk =    3613395147.3455153      [s/m^2]
 Fd =    245231770.94797206      [s/m^2]
 m =    4.1762238294000008E-018 [g]
 ------------------------------------------------
 Opening file : dg_S_1.010_Tc_60.00.dat
 Data has been written.
 Fortran execution time (seconds):    18.6017609    
 ------------------------------------------------
 dt =    1.0000000000000000E-008 tmax =   0.29999999999999999       nt =              30000000
 S =    1.0109999999999999     
 a=    8.7154610525846320E-010  b=    9.8075380110759942E-025
 Fk =    3613395147.3455153      [s/m^2]
 Fd =    245231770.94797206      [s/m^2]
 m =    4.1762238294000008E-018 [g]
 ------------------------------------------------
 Opening file : dg_S_1.011_Tc_60.00.dat
 ************************************************
 Time to reach 1um:   0.21513820000000000     
 ************************************************
 Data has been written.
 Fortran execution time (seconds):    14.1355591    
 ------------------------------------------------
 dt =    1.0000000000000000E-008 tmax =   0.29999999999999999       nt =              30000000
 S =    1.0149999999999999     
 a=    8.7154610525846320E-010  b=    9.8075380110759942E-025
 Fk =    3613395147.3455153      [s/m^2]
 Fd =    245231770.94797206      [s/m^2]
 m =    4.1762238294000008E-018 [g]
 ------------------------------------------------
 Opening file : dg_S_1.015_Tc_60.00.dat
 ************************************************
 Time to reach 1um:   0.14598257000000001     
 ************************************************
 Data has been written.
 Fortran execution time (seconds):    9.43553925    
 ------------------------------------------------
 dt =    1.0000000000000000E-008 tmax =   0.29999999999999999       nt =              30000000
 S =    1.0200000000000000     
 a=    8.7154610525846320E-010  b=    9.8075380110759942E-025
 Fk =    3613395147.3455153      [s/m^2]
 Fd =    245231770.94797206      [s/m^2]
 m =    4.1762238294000008E-018 [g]
 ------------------------------------------------
 Opening file : dg_S_1.020_Tc_60.00.dat
 ************************************************
 Time to reach 1um:   0.10552540000000001     
 ************************************************
 Data has been written.
 Fortran execution time (seconds):    7.16336823    
 ------------------------------------------------
 dt =    1.0000000000000000E-008 tmax =   0.29999999999999999       nt =              30000000
 S =    1.0500000000000000     
 a=    8.7154610525846320E-010  b=    9.8075380110759942E-025
 Fk =    3613395147.3455153      [s/m^2]
 Fd =    245231770.94797206      [s/m^2]
 m =    4.1762238294000008E-018 [g]
 ------------------------------------------------
 Opening file : dg_S_1.050_Tc_60.00.dat
 ************************************************
 Time to reach 1um:    3.9890450000000001E-002
 ************************************************
 Data has been written.
 Fortran execution time (seconds):    2.66532898    
 ------------------------------------------------
 dt =    1.0000000000000000E-008 tmax =   0.29999999999999999       nt =              30000000
 S =    1.1000000000000001     
 a=    8.7154610525846320E-010  b=    9.8075380110759942E-025
 Fk =    3613395147.3455153      [s/m^2]
 Fd =    245231770.94797206      [s/m^2]
 m =    4.1762238294000008E-018 [g]
 ------------------------------------------------
 Opening file : dg_S_1.100_Tc_60.00.dat
 ************************************************
 Time to reach 1um:    1.9607309999999999E-002
 ************************************************
 Data has been written.
 Fortran execution time (seconds):    1.29077911    
